<?xml version="1.0" encoding="UTF-8"?>
<testng-results ignored="0" total="1" passed="1" failed="0" skipped="0">
  <reporter-output>
  </reporter-output>
  <suite started-at="2024-11-07T18:12:37 CST" name="Default suite" finished-at="2024-11-07T18:12:49 CST" duration-ms="12052">
    <groups>
      <group name="cucumber">
        <method signature="AbstractTestNGCucumberTests.runScenario(io.cucumber.testng.PickleWrapper,io.cucumber.testng.FeatureWrapper)[pri:0, instance:dsalgo_TestRunner.TestNgRunner@1ae8bcbc]" name="runScenario" class="io.cucumber.testng.AbstractTestNGCucumberTests"/>
      </group> <!-- cucumber -->
    </groups>
    <test started-at="2024-11-07T18:12:37 CST" name="Default test" finished-at="2024-11-07T18:12:49 CST" duration-ms="12052">
      <class name="dsalgo_TestRunner.TestNgRunner">
        <test-method is-config="true" signature="setUpClass(org.testng.ITestContext)[pri:0, instance:dsalgo_TestRunner.TestNgRunner@1ae8bcbc]" started-at="2024-11-07T18:12:37 CST" name="setUpClass" finished-at="2024-11-07T18:12:37 CST" duration-ms="636" status="PASS">
          <params>
            <param index="0">
              <value>
                <![CDATA[org.testng.TestRunner@6879e983]]>
              </value>
            </param>
          </params>
          <reporter-output>
          </reporter-output>
        </test-method> <!-- setUpClass -->
        <test-method signature="runScenario(io.cucumber.testng.PickleWrapper,io.cucumber.testng.FeatureWrapper)[pri:0, instance:dsalgo_TestRunner.TestNgRunner@1ae8bcbc]" started-at="2024-11-07T18:12:37 CST" name="runScenario" description="Runs Cucumber Scenarios" data-provider="scenarios" finished-at="2024-11-07T18:12:46 CST" duration-ms="8953" status="PASS">
          <params>
            <param index="0">
              <value>
                <![CDATA["The user is able to run valid code in TryEditor for Implementation of Queue in Python Page"]]>
              </value>
            </param>
            <param index="1">
              <value>
                <![CDATA["User tests the Queue Page"]]>
              </value>
            </param>
          </params>
          <reporter-output>
          </reporter-output>
        </test-method> <!-- runScenario -->
        <test-method is-config="true" signature="tearDownClass()[pri:0, instance:dsalgo_TestRunner.TestNgRunner@1ae8bcbc]" started-at="2024-11-07T18:12:46 CST" name="tearDownClass" finished-at="2024-11-07T18:12:49 CST" duration-ms="2401" status="PASS">
          <reporter-output>
          </reporter-output>
        </test-method> <!-- tearDownClass -->
      </class> <!-- dsalgo_TestRunner.TestNgRunner -->
    </test> <!-- Default test -->
  </suite> <!-- Default suite -->
</testng-results>
